0 info it worked if it ends with ok
1 verbose cli [ '/Users/james/.nvm/versions/node/v6.9.1/bin/node',
1 verbose cli   '/Users/james/.nvm/versions/node/v6.9.1/bin/npm',
1 verbose cli   'run',
1 verbose cli   './admin.js' ]
2 info using npm@3.10.8
3 info using node@v6.9.1
4 verbose stack Error: missing script: ./admin.js
4 verbose stack     at run (/Users/james/.nvm/versions/node/v6.9.1/lib/node_modules/npm/lib/run-script.js:151:19)
4 verbose stack     at /Users/james/.nvm/versions/node/v6.9.1/lib/node_modules/npm/lib/run-script.js:61:5
4 verbose stack     at /Users/james/.nvm/versions/node/v6.9.1/lib/node_modules/npm/node_modules/read-package-json/read-json.js:356:5
4 verbose stack     at checkBinReferences_ (/Users/james/.nvm/versions/node/v6.9.1/lib/node_modules/npm/node_modules/read-package-json/read-json.js:320:45)
4 verbose stack     at final (/Users/james/.nvm/versions/node/v6.9.1/lib/node_modules/npm/node_modules/read-package-json/read-json.js:354:3)
4 verbose stack     at then (/Users/james/.nvm/versions/node/v6.9.1/lib/node_modules/npm/node_modules/read-package-json/read-json.js:124:5)
4 verbose stack     at ReadFileContext.<anonymous> (/Users/james/.nvm/versions/node/v6.9.1/lib/node_modules/npm/node_modules/read-package-json/read-json.js:295:20)
4 verbose stack     at ReadFileContext.callback (/Users/james/.nvm/versions/node/v6.9.1/lib/node_modules/npm/node_modules/graceful-fs/graceful-fs.js:78:16)
4 verbose stack     at FSReqWrap.readFileAfterOpen [as oncomplete] (fs.js:365:13)
5 verbose cwd /Users/james/code/collaborate-firebase/admin
6 error Darwin 16.6.0
7 error argv "/Users/james/.nvm/versions/node/v6.9.1/bin/node" "/Users/james/.nvm/versions/node/v6.9.1/bin/npm" "run" "./admin.js"
8 error node v6.9.1
9 error npm  v3.10.8
10 error missing script: ./admin.js
11 error If you need help, you may report this error at:
11 error     <https://github.com/npm/npm/issues>
12 verbose exit [ 1, true ]
